0 info it worked if it ends with ok
1 verbose cli [ '/Users/chengsixgold/.nvm/versions/node/v6.9.4/bin/node',
1 verbose cli   '/Users/chengsixgold/.nvm/versions/node/v6.9.4/bin/npm',
1 verbose cli   'publish' ]
2 info using npm@3.10.10
3 info using node@v6.9.4
4 verbose publish [ '.' ]
5 silly cache add args [ '.', null ]
6 verbose cache add spec .
7 silly cache add parsed spec Result {
7 silly cache add   raw: '.',
7 silly cache add   scope: null,
7 silly cache add   escapedName: null,
7 silly cache add   name: null,
7 silly cache add   rawSpec: '.',
7 silly cache add   spec: '/Users/chengsixgold/PROJECT/juejin',
7 silly cache add   type: 'directory' }
8 verbose addLocalDirectory /Users/chengsixgold/.npm/juejin/1.0.15/package.tgz not in flight; packing
9 verbose correctMkdir /Users/chengsixgold/.npm correctMkdir not in flight; initializing
10 info lifecycle juejin@1.0.15~prepublish: juejin@1.0.15
11 silly lifecycle juejin@1.0.15~prepublish: no script for prepublish, continuing
12 verbose tar pack [ '/Users/chengsixgold/.npm/juejin/1.0.15/package.tgz',
12 verbose tar pack   '/Users/chengsixgold/PROJECT/juejin' ]
13 verbose tarball /Users/chengsixgold/.npm/juejin/1.0.15/package.tgz
14 verbose folder /Users/chengsixgold/PROJECT/juejin
15 verbose addLocalTarball adding from inside cache /Users/chengsixgold/.npm/juejin/1.0.15/package.tgz
16 verbose correctMkdir /Users/chengsixgold/.npm correctMkdir not in flight; initializing
17 silly cache afterAdd juejin@1.0.15
18 verbose afterAdd /Users/chengsixgold/.npm/juejin/1.0.15/package/package.json not in flight; writing
19 verbose correctMkdir /Users/chengsixgold/.npm correctMkdir not in flight; initializing
20 verbose afterAdd /Users/chengsixgold/.npm/juejin/1.0.15/package/package.json written
21 silly publish { name: 'juejin',
21 silly publish   version: '1.0.15',
21 silly publish   description: 'The command Tools of juejin.im.you can use this to get the new article from juejin.im',
21 silly publish   main: 'index.js',
21 silly publish   scripts: { test: 'dev' },
21 silly publish   bin: { juejin: './index.js' },
21 silly publish   keywords: [ 'juejin', 'tools' ],
21 silly publish   author: { name: 'chengsixgold' },
21 silly publish   license: 'ISC',
21 silly publish   dependencies:
21 silly publish    { 'cli-table2': '^0.2.0',
21 silly publish      commander: '^2.13.0',
21 silly publish      superagent: '^3.8.2',
21 silly publish      table: '^4.0.2' },
21 silly publish   readme: '# juejin Command Line tools\n\n可运行最低的 Node 版本：6.9.4\n\n## install\n\n```bash\nnpm install -g juejin\n```\n\n## Documentions\n\njuejin.im网站分类以及命令\n\n|  模块  |  命令  |\n|------- | -------|\n|  Android  |  android  |\n|  前端  |  fe  |\n|  iOS  |  ios  |\n|  后端  |  be  |\n|  设计  |  de  |\n|  产品  |  pm  |\n|  工具资源  |  tools  |\n|  阅读  |  read  |\n|  人工智能  |  ai  |\n|  所有文章  |  all  |\n\n查看最新文章或者最热文章\n\n|  文章类别  |  命令  |\n|------- | ------- |\n|  最新文章  |  new  |\n|  最热文章  |  hot  |\n\nE.g:如果你想看到的是前端的最热内容\n```bash\njuejin hot fe\n```\n\n获取帮助\n```bash\njuejin --help\n```\n\ngithub 地址：[juejin](https://github.com/cheng2xin/juejin),不求 star , 求 issue 。\n\nContributor\n\n[WickedDogg](https://github.com/WickedDogg)\n',
21 silly publish   readmeFilename: 'README.md',
21 silly publish   gitHead: 'fed368c2e5a62c3b17fdcba74704b56e31d1a6e7',
21 silly publish   _id: 'juejin@1.0.15',
21 silly publish   _shasum: '723f4db5a88321012231ed75926341266932f1e4',
21 silly publish   _from: '.' }
22 verbose getPublishConfig undefined
23 silly mapToRegistry name juejin
24 silly mapToRegistry using default registry
25 silly mapToRegistry registry https://registry.npmjs.org/
26 silly mapToRegistry data Result {
26 silly mapToRegistry   raw: 'juejin',
26 silly mapToRegistry   scope: null,
26 silly mapToRegistry   escapedName: 'juejin',
26 silly mapToRegistry   name: 'juejin',
26 silly mapToRegistry   rawSpec: '',
26 silly mapToRegistry   spec: 'latest',
26 silly mapToRegistry   type: 'tag' }
27 silly mapToRegistry uri https://registry.npmjs.org/juejin
28 verbose publish registryBase https://registry.npmjs.org/
29 silly publish uploading /Users/chengsixgold/.npm/juejin/1.0.15/package.tgz
30 verbose request uri https://registry.npmjs.org/juejin
31 verbose request sending authorization for write operation
32 info attempt registry request try #1 at 9:34:20 AM
33 verbose request using bearer token for auth
34 verbose request id 78f20c762145ce0b
35 http request PUT https://registry.npmjs.org/juejin
36 http 403 https://registry.npmjs.org/juejin
37 verbose headers { 'content-type': 'application/json',
37 verbose headers   'cache-control': 'max-age=300',
37 verbose headers   'content-length': '92',
37 verbose headers   'accept-ranges': 'bytes',
37 verbose headers   date: 'Mon, 22 Jan 2018 01:34:20 GMT',
37 verbose headers   via: '1.1 varnish',
37 verbose headers   connection: 'keep-alive',
37 verbose headers   'x-served-by': 'cache-hnd18732-HND',
37 verbose headers   'x-cache': 'MISS',
37 verbose headers   'x-cache-hits': '0',
37 verbose headers   'x-timer': 'S1516584861.598635,VS0,VE310',
37 verbose headers   vary: 'Accept-Encoding, Accept' }
38 verbose request invalidating /Users/chengsixgold/.npm/registry.npmjs.org/juejin on PUT
39 error publish Failed PUT 403
40 verbose stack Error: You cannot publish over the previously published version 1.0.15. : juejin
40 verbose stack     at makeError (/Users/chengsixgold/.nvm/versions/node/v6.9.4/lib/node_modules/npm/node_modules/npm-registry-client/lib/request.js:302:12)
40 verbose stack     at CachingRegistryClient.<anonymous> (/Users/chengsixgold/.nvm/versions/node/v6.9.4/lib/node_modules/npm/node_modules/npm-registry-client/lib/request.js:290:14)
40 verbose stack     at Request._callback (/Users/chengsixgold/.nvm/versions/node/v6.9.4/lib/node_modules/npm/node_modules/npm-registry-client/lib/request.js:210:14)
40 verbose stack     at Request.self.callback (/Users/chengsixgold/.nvm/versions/node/v6.9.4/lib/node_modules/npm/node_modules/request/request.js:187:22)
40 verbose stack     at emitTwo (events.js:106:13)
40 verbose stack     at Request.emit (events.js:191:7)
40 verbose stack     at Request.<anonymous> (/Users/chengsixgold/.nvm/versions/node/v6.9.4/lib/node_modules/npm/node_modules/request/request.js:1048:10)
40 verbose stack     at emitOne (events.js:96:13)
40 verbose stack     at Request.emit (events.js:188:7)
40 verbose stack     at IncomingMessage.<anonymous> (/Users/chengsixgold/.nvm/versions/node/v6.9.4/lib/node_modules/npm/node_modules/request/request.js:969:12)
41 verbose statusCode 403
42 verbose pkgid juejin
43 verbose cwd /Users/chengsixgold/PROJECT/juejin
44 error Darwin 17.3.0
45 error argv "/Users/chengsixgold/.nvm/versions/node/v6.9.4/bin/node" "/Users/chengsixgold/.nvm/versions/node/v6.9.4/bin/npm" "publish"
46 error node v6.9.4
47 error npm  v3.10.10
48 error code E403
49 error You cannot publish over the previously published version 1.0.15. : juejin
50 error If you need help, you may report this error at:
50 error     <https://github.com/npm/npm/issues>
51 verbose exit [ 1, true ]
